[  1%] Building CXX object CMakeFiles/ssc-test.dir/recipe/sauce/test/ssc-test.cpp.o
[  1%] Building CXX object CMakeFiles/ssc-test.dir/recipe/sauce/feedback/nitnames.cpp.o
[  1%] Building CXX object CMakeFiles/ssc.dir/cmake_pch.hxx.pch
[  2%] Linking CXX executable ssc-test
[  2%] Built target ssc-test
[  2%] Building CXX object CMakeFiles/ssc.dir/recipe/sauce/attribute/attr.cpp.o
[  2%] Building CXX object CMakeFiles/ssc.dir/recipe/sauce/attribute/attribute_constructor.cpp.o
[  3%] Building CXX object CMakeFiles/ssc.dir/recipe/sauce/attribute/attr_state.cpp.o
[  3%] Building CXX object CMakeFiles/ssc.dir/recipe/sauce/attribute/avm.cpp.o
[  2%] Building CXX object CMakeFiles/ssc.dir/recipe/sauce/attribute/attribute.cpp.o
[  4%] Building CXX object CMakeFiles/ssc.dir/recipe/sauce/attribute/attributes.cpp.o
[  4%] Building CXX object CMakeFiles/ssc.dir/recipe/sauce/attribute/avm_data_b.cpp.o
[  5%] Building CXX object CMakeFiles/ssc.dir/recipe/sauce/attribute/avm_data_d.cpp.o
[  5%] Building CXX object CMakeFiles/ssc.dir/recipe/sauce/attribute/avm_data_f2.cpp.o
[  5%] Building CXX object CMakeFiles/ssc.dir/recipe/sauce/attribute/avm_data_e.cpp.o
[  6%] Building CXX object CMakeFiles/ssc.dir/recipe/sauce/attribute/avm_data_f1.cpp.o
[  7%] Building CXX object CMakeFiles/ssc.dir/recipe/sauce/attribute/avm_data_a.cpp.o
[  7%] Building CXX object CMakeFiles/ssc.dir/recipe/sauce/attribute/avm_data_c.cpp.o
[  7%] Building CXX object CMakeFiles/ssc.dir/recipe/sauce/attribute/avm_data_g.cpp.o
[  7%] Building CXX object CMakeFiles/ssc.dir/recipe/sauce/attribute/avm_data_i.cpp.o
[  8%] Building CXX object CMakeFiles/ssc.dir/recipe/sauce/attribute/avm_data_h.cpp.o
[  8%] Building CXX object CMakeFiles/ssc.dir/recipe/sauce/attribute/avm_data_l.cpp.o
[  9%] Building CXX object CMakeFiles/ssc.dir/recipe/sauce/attribute/avm_data_k.cpp.o
[ 10%] Building CXX object CMakeFiles/ssc.dir/recipe/sauce/attribute/avm_data_o.cpp.o
[ 11%] Building CXX object CMakeFiles/ssc.dir/recipe/sauce/attribute/avm_data_r.cpp.o
[ 11%] Building CXX object CMakeFiles/ssc.dir/recipe/sauce/attribute/avm_data_s.cpp.o
[ 12%] Building CXX object CMakeFiles/ssc.dir/recipe/sauce/attribute/avm_data_v.cpp.o
[ 13%] Building CXX object CMakeFiles/ssc.dir/recipe/sauce/attribute/avm_data_x.cpp.o
[ 14%] Building CXX object CMakeFiles/ssc.dir/recipe/sauce/base/type_base.cpp.o
[ 14%] Building CXX object CMakeFiles/ssc.dir/recipe/sauce/css/css.cpp.o
[ 15%] Building CXX object CMakeFiles/ssc.dir/recipe/sauce/css/css_element.cpp.o
[ 15%] Building CXX object CMakeFiles/ssc.dir/recipe/sauce/css/descriptors.cpp.o
[ 16%] Building CXX object CMakeFiles/ssc.dir/recipe/sauce/css/property_constructor.cpp.o
[ 17%] Building CXX object CMakeFiles/ssc.dir/recipe/sauce/attribute/avm_data_t1.cpp.o
[ 17%] Building CXX object CMakeFiles/ssc.dir/recipe/sauce/attribute/avm_data_m1.cpp.o
[ 17%] Building CXX object CMakeFiles/ssc.dir/recipe/sauce/attribute/avm_data_w.cpp.o
[ 17%] Building CXX object CMakeFiles/ssc.dir/recipe/sauce/attribute/namespace.cpp.o
[ 17%] Building CXX object CMakeFiles/ssc.dir/recipe/sauce/attribute/avm_data_rdf.cpp.o
[ 18%] Building CXX object CMakeFiles/ssc.dir/recipe/sauce/attribute/avm_data_m2.cpp.o
[ 18%] Building CXX object CMakeFiles/ssc.dir/recipe/sauce/attribute/avm_data_u.cpp.o
[ 18%] Building CXX object CMakeFiles/ssc.dir/recipe/sauce/attribute/avm_data_t2.cpp.o
[ 18%] Building CXX object CMakeFiles/ssc.dir/recipe/sauce/attribute/avm_data_p.cpp.o
[ 18%] Building CXX object CMakeFiles/ssc.dir/recipe/sauce/coop/fred.cpp.o
[ 19%] Building CXX object CMakeFiles/ssc.dir/recipe/sauce/coop/kew.cpp.o
[ 19%] Building CXX object CMakeFiles/ssc.dir/recipe/sauce/coop/knickers.cpp.o
[ 19%] Building CXX object CMakeFiles/ssc.dir/recipe/sauce/coop/lox.cpp.o
[ 20%] Building CXX object CMakeFiles/ssc.dir/recipe/sauce/compound/type_varied.cpp.o
[ 20%] Building CXX object CMakeFiles/ssc.dir/recipe/sauce/css/css_class.cpp.o
[ 20%] Building CXX object CMakeFiles/ssc.dir/recipe/sauce/css/css_id.cpp.o
[ 20%] Building CXX object CMakeFiles/ssc.dir/recipe/sauce/css/css_parse.cpp.o
[ 20%] Building CXX object CMakeFiles/ssc.dir/recipe/sauce/css/descriptor_constructor.cpp.o
[ 21%] Building CXX object CMakeFiles/ssc.dir/recipe/sauce/base/type_core.cpp.o
[ 22%] Building CXX object CMakeFiles/ssc.dir/recipe/sauce/css/ffvs.cpp.o
[ 22%] Building CXX object CMakeFiles/ssc.dir/recipe/sauce/css/fn.cpp.o
[ 22%] Building CXX object CMakeFiles/ssc.dir/recipe/sauce/base/type_master.cpp.o
[ 22%] Building CXX object CMakeFiles/ssc.dir/recipe/sauce/css/global.cpp.o
[ 23%] Building CXX object CMakeFiles/ssc.dir/recipe/sauce/css/css_attribute.cpp.o
[ 23%] Building CXX object CMakeFiles/ssc.dir/recipe/sauce/css/arguments.cpp.o
[ 23%] Building CXX object CMakeFiles/ssc.dir/recipe/sauce/attribute/avm_data_n.cpp.o
[ 23%] Building CXX object CMakeFiles/ssc.dir/recipe/sauce/css/property.cpp.o
[ 23%] Building CXX object CMakeFiles/ssc.dir/recipe/sauce/compound/type_csses.cpp.o
[ 23%] Building CXX object CMakeFiles/ssc.dir/recipe/sauce/css/ffv.cpp.o
[ 23%] Building CXX object CMakeFiles/ssc.dir/recipe/sauce/attribute/avm_data_q.cpp.o
[ 24%] Building CXX object CMakeFiles/ssc.dir/recipe/sauce/coop/tls.cpp.o
[ 25%] Building CXX object CMakeFiles/ssc.dir/recipe/sauce/css/descriptor.cpp.o
[ 25%] Building CXX object CMakeFiles/ssc.dir/recipe/sauce/css/decoration.cpp.o
[ 25%] Building CXX object CMakeFiles/ssc.dir/recipe/sauce/css/properties.cpp.o
[ 25%] Building CXX object CMakeFiles/ssc.dir/recipe/sauce/css/media.cpp.o
[ 25%] Building CXX object CMakeFiles/ssc.dir/recipe/sauce/base/type_case.cpp.o
[ 26%] Building CXX object CMakeFiles/ssc.dir/recipe/sauce/css/css_state.cpp.o
[ 27%] Building CXX object CMakeFiles/ssc.dir/recipe/sauce/css/distilled.cpp.o
[ 28%] Building CXX object CMakeFiles/ssc.dir/recipe/sauce/css/group.cpp.o
[ 28%] Building CXX object CMakeFiles/ssc.dir/recipe/sauce/css/selectors.cpp.o
[ 29%] Building CXX object CMakeFiles/ssc.dir/recipe/sauce/css/statement.cpp.o
[ 29%] Building CXX object CMakeFiles/ssc.dir/recipe/sauce/css/statements.cpp.o
[ 30%] Building CXX object CMakeFiles/ssc.dir/recipe/sauce/css/medium.cpp.o
[ 30%] Building CXX object CMakeFiles/ssc.dir/recipe/sauce/css/value2.cpp.o
[ 31%] Building CXX object CMakeFiles/ssc.dir/recipe/sauce/css/rules.cpp.o
[ 31%] Building CXX object CMakeFiles/ssc.dir/recipe/sauce/css/rule.cpp.o
[ 31%] Building CXX object CMakeFiles/ssc.dir/recipe/sauce/css/selector.cpp.o
[ 31%] Building CXX object CMakeFiles/ssc.dir/recipe/sauce/css/value_types_a.cpp.o
[ 32%] Building CXX object CMakeFiles/ssc.dir/recipe/sauce/css/value_types_0_9.cpp.o
[ 33%] Building CXX object CMakeFiles/ssc.dir/recipe/sauce/css/value_types_css_f_1.cpp.o
[ 34%] Building CXX object CMakeFiles/ssc.dir/recipe/sauce/css/value_types_css_j_l.cpp.o
[ 35%] Building CXX object CMakeFiles/ssc.dir/recipe/sauce/css/typed_property.cpp.o
[ 35%] Building CXX object CMakeFiles/ssc.dir/recipe/sauce/css/value.cpp.o
[ 36%] Building CXX object CMakeFiles/ssc.dir/recipe/sauce/css/value_types_b.cpp.o
[ 36%] Building CXX object CMakeFiles/ssc.dir/recipe/sauce/css/value_types_css_c_2.cpp.o
[ 37%] Building CXX object CMakeFiles/ssc.dir/recipe/sauce/css/value_types_css_c_1.cpp.o
[ 37%] Building CXX object CMakeFiles/ssc.dir/recipe/sauce/css/value_types_css_d_e.cpp.o
[ 37%] Building CXX object CMakeFiles/ssc.dir/recipe/sauce/css/value_types_css_m_n.cpp.o
[ 38%] Building CXX object CMakeFiles/ssc.dir/recipe/sauce/css/value_types_css_o_p.cpp.o
[ 38%] Building CXX object CMakeFiles/ssc.dir/recipe/sauce/css/value_types_css_r.cpp.o
[ 39%] Building CXX object CMakeFiles/ssc.dir/recipe/sauce/css/value_types_css_t_1.cpp.o
[ 40%] Building CXX object CMakeFiles/ssc.dir/recipe/sauce/css/value_types_css_u_z.cpp.o
[ 40%] Building CXX object CMakeFiles/ssc.dir/recipe/sauce/css/value_types_css_a.cpp.o
[ 40%] Building CXX object CMakeFiles/ssc.dir/recipe/sauce/css/value_types_css_b_2.cpp.o
[ 41%] Building CXX object CMakeFiles/ssc.dir/recipe/sauce/css/value_types_css_b_1.cpp.o
[ 41%] Building CXX object CMakeFiles/ssc.dir/recipe/sauce/css/value_types_css_g_i.cpp.o
[ 41%] Building CXX object CMakeFiles/ssc.dir/recipe/sauce/css/value_types_css_f_2.cpp.o
[ 41%] Building CXX object CMakeFiles/ssc.dir/recipe/sauce/css/value_types_c.cpp.o
[ 41%] Building CXX object CMakeFiles/ssc.dir/recipe/sauce/css/value_types_css_t_2.cpp.o
[ 41%] Building CXX object CMakeFiles/ssc.dir/recipe/sauce/css/value_types_css_s.cpp.o
[ 42%] Building CXX object CMakeFiles/ssc.dir/recipe/sauce/css/weight.cpp.o
[ 42%] Building CXX object CMakeFiles/ssc.dir/recipe/sauce/css/value_types_d_e.cpp.o
[ 42%] Building CXX object CMakeFiles/ssc.dir/recipe/sauce/css/value_types_f.cpp.o
[ 44%] Building CXX object CMakeFiles/ssc.dir/recipe/sauce/css/value_types_g_h.cpp.o
[ 44%] Building CXX object CMakeFiles/ssc.dir/recipe/sauce/css/value_types_m_1.cpp.o
[ 44%] Building CXX object CMakeFiles/ssc.dir/recipe/sauce/css/value_types_m_2.cpp.o
[ 44%] Building CXX object CMakeFiles/ssc.dir/recipe/sauce/css/value_types_p_1.cpp.o
[ 45%] Building CXX object CMakeFiles/ssc.dir/recipe/sauce/css/value_types_p_2.cpp.o
[ 45%] Building CXX object CMakeFiles/ssc.dir/recipe/sauce/css/value_types_q_r.cpp.o
[ 45%] Building CXX object CMakeFiles/ssc.dir/recipe/sauce/css/value_types_s.cpp.o
[ 45%] Building CXX object CMakeFiles/ssc.dir/recipe/sauce/css/value_types_t.cpp.o
[ 46%] Building CXX object CMakeFiles/ssc.dir/recipe/sauce/css/value_types_u.cpp.o
[ 46%] Building CXX object CMakeFiles/ssc.dir/recipe/sauce/element/elem.cpp.o
[ 46%] Building CXX object CMakeFiles/ssc.dir/recipe/sauce/element/element_abcd.cpp.o
[ 47%] Building CXX object CMakeFiles/ssc.dir/recipe/sauce/css/value_types_n_o.cpp.o
[ 48%] Building CXX object CMakeFiles/ssc.dir/recipe/sauce/css/value_types_svg.cpp.o
[ 48%] Building CXX object CMakeFiles/ssc.dir/recipe/sauce/css/value_types_x_z.cpp.o
[ 49%] Building CXX object CMakeFiles/ssc.dir/recipe/sauce/css/value_types_j_l.cpp.o
[ 49%] Building CXX object CMakeFiles/ssc.dir/recipe/sauce/css/value_types_v_w.cpp.o
[ 50%] Building CXX object CMakeFiles/ssc.dir/recipe/sauce/element/element_jkl.cpp.o
[ 50%] Building CXX object CMakeFiles/ssc.dir/recipe/sauce/element/element_microformats.cpp.o
[ 51%] Building CXX object CMakeFiles/ssc.dir/recipe/sauce/element/element_efghi.cpp.o
[ 52%] Building CXX object CMakeFiles/ssc.dir/recipe/sauce/element/element_attributes.cpp.o
[ 52%] Building CXX object CMakeFiles/ssc.dir/recipe/sauce/element/element_aria.cpp.o
[ 52%] Building CXX object CMakeFiles/ssc.dir/recipe/sauce/css/value_types_i.cpp.o
[ 52%] Building CXX object CMakeFiles/ssc.dir/recipe/sauce/element/element.cpp.o
[ 52%] Building CXX object CMakeFiles/ssc.dir/recipe/sauce/element/element_classes.cpp.o
[ 52%] Building CXX object CMakeFiles/ssc.dir/recipe/sauce/element/element_s.cpp.o
[ 52%] Building CXX object CMakeFiles/ssc.dir/recipe/sauce/element/element_pqr.cpp.o
[ 52%] Building CXX object CMakeFiles/ssc.dir/recipe/sauce/element/element_input.cpp.o
[ 53%] Building CXX object CMakeFiles/ssc.dir/recipe/sauce/element/element_rdfa.cpp.o
[ 54%] Building CXX object CMakeFiles/ssc.dir/recipe/sauce/element/parentage.cpp.o
[ 54%] Building CXX object CMakeFiles/ssc.dir/recipe/sauce/enum/type_class.cpp.o
[ 55%] Building CXX object CMakeFiles/ssc.dir/recipe/sauce/enum/type_colour.cpp.o
[ 55%] Building CXX object CMakeFiles/ssc.dir/recipe/sauce/element/element_microdata.cpp.o
[ 55%] Building CXX object CMakeFiles/ssc.dir/recipe/sauce/enum/type_charset.cpp.o
[ 55%] Building CXX object CMakeFiles/ssc.dir/recipe/sauce/element/element_tuvwxyz.cpp.o
[ 55%] Building CXX object CMakeFiles/ssc.dir/recipe/sauce/element/state.cpp.o
[ 55%] Building CXX object CMakeFiles/ssc.dir/recipe/sauce/enum/type_country.cpp.o
[ 57%] Building CXX object CMakeFiles/ssc.dir/recipe/sauce/enum/type_aria.cpp.o
[ 56%] Building CXX object CMakeFiles/ssc.dir/recipe/sauce/element/element_mno.cpp.o
[ 57%] Building CXX object CMakeFiles/ssc.dir/recipe/sauce/element/element_examine.cpp.o
[ 58%] Building CXX object CMakeFiles/ssc.dir/recipe/sauce/enum/type_enum.cpp.o
[ 58%] Building CXX object CMakeFiles/ssc.dir/recipe/sauce/enum/type_mime.cpp.o
[ 58%] Building CXX object CMakeFiles/ssc.dir/recipe/sauce/enum/type_lang.cpp.o
[ 58%] Building CXX object CMakeFiles/ssc.dir/recipe/sauce/parser/html_version.cpp.o
[ 58%] Building CXX object CMakeFiles/ssc.dir/recipe/sauce/feedback/nitnames.cpp.o
[ 58%] Building CXX object CMakeFiles/ssc.dir/recipe/sauce/feedback/nitpick.cpp.o
[ 59%] Building CXX object CMakeFiles/ssc.dir/recipe/sauce/icu/charset.cpp.o
[ 59%] Building CXX object CMakeFiles/ssc.dir/recipe/sauce/enum/type_rel.cpp.o
[ 59%] Building CXX object CMakeFiles/ssc.dir/recipe/sauce/feedback/nit.cpp.o
[ 60%] Building CXX object CMakeFiles/ssc.dir/recipe/sauce/enum/type_xmlns.cpp.o
[ 60%] Building CXX object CMakeFiles/ssc.dir/recipe/sauce/icu/converter.cpp.o
[ 61%] Building CXX object CMakeFiles/ssc.dir/recipe/sauce/icu/wrapper.cpp.o
[ 61%] Building CXX object CMakeFiles/ssc.dir/recipe/sauce/main/abort.cpp.o
[ 63%] Building CXX object CMakeFiles/ssc.dir/recipe/sauce/enum/type_property.cpp.o
[ 62%] Building CXX object CMakeFiles/ssc.dir/recipe/sauce/main/context.cpp.o
[ 63%] Building CXX object CMakeFiles/ssc.dir/recipe/sauce/icu/lingo.cpp.o
[ 64%] Building CXX object CMakeFiles/ssc.dir/recipe/sauce/feedback/nitout.cpp.o
[ 64%] Building CXX object CMakeFiles/ssc.dir/recipe/sauce/main/options.cpp.o
[ 65%] Building CXX object CMakeFiles/ssc.dir/recipe/sauce/microformat/property_value.cpp.o
[ 65%] Building CXX object CMakeFiles/ssc.dir/recipe/sauce/microdata/microdata_itemid.cpp.o
[ 66%] Building CXX object CMakeFiles/ssc.dir/recipe/sauce/microdata/microdata_itemtype.cpp.o
[ 66%] Building CXX object CMakeFiles/ssc.dir/recipe/sauce/microformat/microformat_export.cpp.o
[ 66%] Building CXX object CMakeFiles/ssc.dir/recipe/sauce/microformat/microformats.cpp.o
[ 66%] Building CXX object CMakeFiles/ssc.dir/recipe/sauce/microformat/sibling.cpp.o
[ 66%] Building CXX object CMakeFiles/ssc.dir/recipe/sauce/ontology/ontology_structure.cpp.o
[ 67%] Building CXX object CMakeFiles/ssc.dir/recipe/sauce/parser/jsonic.cpp.o
[ 67%] Building CXX object CMakeFiles/ssc.dir/recipe/sauce/parser/parse_brac_ket.cpp.o
[ 67%] Building CXX object CMakeFiles/ssc.dir/recipe/sauce/parser/parse_bracs_ket.cpp.o
[ 67%] Building CXX object CMakeFiles/ssc.dir/recipe/sauce/main/output.cpp.o
[ 67%] Building CXX object CMakeFiles/ssc.dir/recipe/sauce/main/standard.cpp.o
[ 67%] Building CXX object CMakeFiles/ssc.dir/recipe/sauce/microdata/microdata_export.cpp.o
[ 67%] Building CXX object CMakeFiles/ssc.dir/recipe/sauce/ontology/ontology_hierarchy.cpp.o
[ 68%] Building CXX object CMakeFiles/ssc.dir/recipe/sauce/main/ssc.cpp.o
[ 69%] Building CXX object CMakeFiles/ssc.dir/recipe/sauce/ontology/ontology_type.cpp.o
[ 69%] Building CXX object CMakeFiles/ssc.dir/recipe/sauce/microdata/microdata_itemscope.cpp.o
[ 70%] Building CXX object CMakeFiles/ssc.dir/recipe/sauce/microformat/microformat_constructor.cpp.o
[ 71%] Building CXX object CMakeFiles/ssc.dir/recipe/sauce/microformat/family.cpp.o
[ 71%] Building CXX object CMakeFiles/ssc.dir/recipe/sauce/main/version.cpp.o
[ 71%] Building CXX object CMakeFiles/ssc.dir/recipe/sauce/ontology/ontology_version.cpp.o
[ 71%] Building CXX object CMakeFiles/ssc.dir/recipe/sauce/parser/parse_elements.cpp.o
[ 72%] Building CXX object CMakeFiles/ssc.dir/recipe/sauce/parser/parse_element.cpp.o
[ 72%] Building CXX object CMakeFiles/ssc.dir/recipe/sauce/ontology/ontology_name.cpp.o
[ 73%] Building CXX object CMakeFiles/ssc.dir/recipe/sauce/parser/xhtml_xml.cpp.o
[ 73%] Building CXX object CMakeFiles/ssc.dir/recipe/sauce/parser/text-data.cpp.o
[ 74%] Building CXX object CMakeFiles/ssc.dir/recipe/sauce/microdata/microdata_itemprop.cpp.o
[ 75%] Building CXX object CMakeFiles/ssc.dir/recipe/sauce/rdf/rdf.cpp.o
[ 76%] Building CXX object CMakeFiles/ssc.dir/recipe/sauce/ontology/jsonld.cpp.o
[ 77%] Building CXX object CMakeFiles/ssc.dir/recipe/sauce/ontology/ontology_property.cpp.o
[ 77%] Building CXX object CMakeFiles/ssc.dir/recipe/sauce/parser/pattern.cpp.o
[ 77%] Building CXX object CMakeFiles/ssc.dir/recipe/sauce/microformat/field.cpp.o
[ 78%] Building CXX object CMakeFiles/ssc.dir/recipe/sauce/parser/parse_attributes.cpp.o
[ 78%] Building CXX object CMakeFiles/ssc.dir/recipe/sauce/parser/text.cpp.o
[ 78%] Building CXX object CMakeFiles/ssc.dir/recipe/sauce/parser/parse_attribute.cpp.o
[ 79%] Building CXX object CMakeFiles/ssc.dir/recipe/sauce/parser/parse_ssi.cpp.o
[ 80%] Building CXX object CMakeFiles/ssc.dir/recipe/sauce/simple/type_css.cpp.o
[ 80%] Building CXX object CMakeFiles/ssc.dir/recipe/sauce/simple/type_d.cpp.o
[ 80%] Building CXX object CMakeFiles/ssc.dir/recipe/sauce/rdf/rdfa_prop.cpp.o
[ 81%] Building CXX object CMakeFiles/ssc.dir/recipe/sauce/spell/nixspell.cpp.o
[ 81%] Building CXX object CMakeFiles/ssc.dir/recipe/sauce/rdf/rdfa_type.cpp.o
[ 82%] Building CXX object CMakeFiles/ssc.dir/recipe/sauce/simple/type_jsonic.cpp.o
[ 82%] Building CXX object CMakeFiles/ssc.dir/recipe/sauce/simple/type_intent.cpp.o
[ 82%] Building CXX object CMakeFiles/ssc.dir/recipe/sauce/simple/type_basic.cpp.o
[ 83%] Building CXX object CMakeFiles/ssc.dir/recipe/sauce/simple/type_autocomplete.cpp.o
[ 83%] Building CXX object CMakeFiles/ssc.dir/recipe/sauce/simple/type_currency.cpp.o
[ 84%] Building CXX object CMakeFiles/ssc.dir/recipe/sauce/simple/type_httpequiv.cpp.o
[ 84%] Building CXX object CMakeFiles/ssc.dir/recipe/sauce/simple/type_id.cpp.o
[ 86%] Building CXX object CMakeFiles/ssc.dir/recipe/sauce/simple/type_metaname.cpp.o
[ 86%] Building CXX object CMakeFiles/ssc.dir/recipe/sauce/simple/type_measure.cpp.o
[ 86%] Building CXX object CMakeFiles/ssc.dir/recipe/sauce/simple/type_layout.cpp.o
[ 86%] Building CXX object CMakeFiles/ssc.dir/recipe/sauce/simple/type_numeric.cpp.o
[ 86%] Building CXX object CMakeFiles/ssc.dir/recipe/sauce/simple/type_media.cpp.o
[ 86%] Building CXX object CMakeFiles/ssc.dir/recipe/sauce/simple/type_misc.cpp.o
[ 86%] Building CXX object CMakeFiles/ssc.dir/recipe/sauce/simple/type_transform.cpp.o
[ 86%] Building CXX object CMakeFiles/ssc.dir/recipe/sauce/spell/spell.cpp.o
[ 87%] Building CXX object CMakeFiles/ssc.dir/recipe/sauce/simple/type_sgml.cpp.o
[ 88%] Building CXX object CMakeFiles/ssc.dir/recipe/sauce/simple/type_time.cpp.o
[ 88%] Building CXX object CMakeFiles/ssc.dir/recipe/sauce/simple/type_reals.cpp.o
[ 88%] Building CXX object CMakeFiles/ssc.dir/recipe/sauce/simple/type_rdf.cpp.o
[ 88%] Building CXX object CMakeFiles/ssc.dir/recipe/sauce/simple/type_svg_feature.cpp.o
[ 89%] Building CXX object CMakeFiles/ssc.dir/recipe/sauce/spell/winspell.cpp.o
[ 89%] Building CXX object CMakeFiles/ssc.dir/recipe/sauce/simple/type_paint.cpp.o
[ 89%] Building CXX object CMakeFiles/ssc.dir/recipe/sauce/url/curl.cpp.o
[ 89%] Building CXX object CMakeFiles/ssc.dir/recipe/sauce/symbol/nstr.cpp.o
[ 91%] Building CXX object CMakeFiles/ssc.dir/recipe/sauce/symbol/symbol.cpp.o
[ 91%] Building CXX object CMakeFiles/ssc.dir/recipe/sauce/type/type_csp.cpp.o
[ 91%] Building CXX object CMakeFiles/ssc.dir/recipe/sauce/url/url.cpp.o
[ 92%] Building CXX object CMakeFiles/ssc.dir/recipe/sauce/url/url_sanitise.cpp.o
[ 93%] Building CXX object CMakeFiles/ssc.dir/recipe/sauce/url/url_parameters.cpp.o
[ 93%] Building CXX object CMakeFiles/ssc.dir/recipe/sauce/type/type.cpp.o
[ 94%] Building CXX object CMakeFiles/ssc.dir/recipe/sauce/stats/stats_impl.cpp.o
[ 95%] Building CXX object CMakeFiles/ssc.dir/recipe/sauce/utility/cache.cpp.o
[ 95%] Building CXX object CMakeFiles/ssc.dir/recipe/sauce/utility/byteorder.cpp.o
[ 95%] Building CXX object CMakeFiles/ssc.dir/recipe/sauce/url/url_scheme.cpp.o
[ 95%] Building CXX object CMakeFiles/ssc.dir/recipe/sauce/url/url_protocol.cpp.o
[ 94%] Building CXX object CMakeFiles/ssc.dir/recipe/sauce/stats/stats.cpp.o
[ 95%] Building CXX object CMakeFiles/ssc.dir/recipe/sauce/utility/quote.cpp.o
[ 96%] Building CXX object CMakeFiles/ssc.dir/recipe/sauce/webpage/crosslink.cpp.o
[ 95%] Building CXX object CMakeFiles/ssc.dir/recipe/sauce/utility/common.cpp.o
[ 97%] Building CXX object CMakeFiles/ssc.dir/recipe/sauce/webpage/external.cpp.o
[ 97%] Building CXX object CMakeFiles/ssc.dir/recipe/sauce/webpage/corpus.cpp.o
[ 98%] Building CXX object CMakeFiles/ssc.dir/recipe/sauce/utility/filesystem.cpp.o
[ 98%] Building CXX object CMakeFiles/ssc.dir/recipe/sauce/webpage/directory.cpp.o
[ 98%] Building CXX object CMakeFiles/ssc.dir/recipe/sauce/webpage/page.cpp.o
[ 99%] Building CXX object CMakeFiles/ssc.dir/recipe/sauce/webpage/q.cpp.o
[100%] Building CXX object CMakeFiles/ssc.dir/recipe/sauce/webpage/root.cpp.o
[100%] Building CXX object CMakeFiles/ssc.dir/recipe/sauce/webpage/id.cpp.o
[100%] Building CXX object CMakeFiles/ssc.dir/recipe/sauce/webpage/headers.cpp.o
[100%] Building CXX object CMakeFiles/ssc.dir/recipe/sauce/webpage/fileindex.cpp.o
[100%] Linking CXX executable ssc
[100%] Built target ssc
