Compiling the CXX compiler identification source file "CMakeCXXCompilerId.cpp" failed.
Compiler: /Applications/Xcode.app/Contents/Developer/Toolchains/XcodeDefault.xctoolchain/usr/bin/c++ 
Build flags: 
Id flags:  

The output was:
1
ld: library not found for -lc++
clang: error: linker command failed with exit code 1 (use -v to see invocation)


Performing C++ SOURCE FILE Test Iconv_IS_BUILT_IN failed with the following output:
Change Dir: /Users/dylan/Depot/applications/ssc/recipe/tea/CMakeFiles/CMakeTmp

Run Build Command(s):/usr/bin/make cmTC_2b911/fast && /Applications/Xcode.app/Contents/Developer/usr/bin/make  -f CMakeFiles/cmTC_2b911.dir/build.make CMakeFiles/cmTC_2b911.dir/build
Building CXX object CMakeFiles/cmTC_2b911.dir/src.cxx.o
/Applications/Xcode.app/Contents/Developer/Toolchains/XcodeDefault.xctoolchain/usr/bin/c++ -DIconv_IS_BUILT_IN  -isysroot /Applications/Xcode.app/Contents/Developer/Platforms/MacOSX.platform/Developer/SDKs/MacOSX11.1.sdk -std=gnu++17 -o CMakeFiles/cmTC_2b911.dir/src.cxx.o -c /Users/dylan/Depot/applications/ssc/recipe/tea/CMakeFiles/CMakeTmp/src.cxx
Linking CXX executable cmTC_2b911
/opt/local/bin/cmake -E cmake_link_script CMakeFiles/cmTC_2b911.dir/link.txt --verbose=1
/Applications/Xcode.app/Contents/Developer/Toolchains/XcodeDefault.xctoolchain/usr/bin/c++  -isysroot /Applications/Xcode.app/Contents/Developer/Platforms/MacOSX.platform/Developer/SDKs/MacOSX11.1.sdk -Wl,-search_paths_first -Wl,-headerpad_max_install_names CMakeFiles/cmTC_2b911.dir/src.cxx.o -o cmTC_2b911 
Undefined symbols for architecture x86_64:
  "_iconv", referenced from:
      _main in src.cxx.o
  "_iconv_close", referenced from:
      _main in src.cxx.o
  "_iconv_open", referenced from:
      _main in src.cxx.o
ld: symbol(s) not found for architecture x86_64
clang: error: linker command failed with exit code 1 (use -v to see invocation)
make[1]: *** [cmTC_2b911] Error 1
make: *** [cmTC_2b911/fast] Error 2


Source file was:

      #include <stddef.h>
      #include <iconv.h>
      int main() {
        char *a, *b;
        size_t i, j;
        iconv_t ic;
        ic = iconv_open("to", "from");
        iconv(ic, &a, &i, &b, &j);
        iconv_close(ic);
      }
      
Compiling the CXX compiler identification source file "CMakeCXXCompilerId.cpp" failed.
Compiler: /Applications/Xcode.app/Contents/Developer/Toolchains/XcodeDefault.xctoolchain/usr/bin/c++ 
Build flags: 
Id flags:  

The output was:
1
ld: library not found for -lc++
clang: error: linker command failed with exit code 1 (use -v to see invocation)


Performing C++ SOURCE FILE Test Iconv_IS_BUILT_IN failed with the following output:
Change Dir: /Users/dylan/Depot/applications/ssc/recipe/tea/CMakeFiles/CMakeTmp

Run Build Command(s):/usr/bin/make cmTC_1b142/fast && /Applications/Xcode.app/Contents/Developer/usr/bin/make  -f CMakeFiles/cmTC_1b142.dir/build.make CMakeFiles/cmTC_1b142.dir/build
Building CXX object CMakeFiles/cmTC_1b142.dir/src.cxx.o
/Applications/Xcode.app/Contents/Developer/Toolchains/XcodeDefault.xctoolchain/usr/bin/c++ -DIconv_IS_BUILT_IN  -isysroot /Applications/Xcode.app/Contents/Developer/Platforms/MacOSX.platform/Developer/SDKs/MacOSX11.1.sdk -std=gnu++17 -o CMakeFiles/cmTC_1b142.dir/src.cxx.o -c /Users/dylan/Depot/applications/ssc/recipe/tea/CMakeFiles/CMakeTmp/src.cxx
Linking CXX executable cmTC_1b142
/opt/local/bin/cmake -E cmake_link_script CMakeFiles/cmTC_1b142.dir/link.txt --verbose=1
/Applications/Xcode.app/Contents/Developer/Toolchains/XcodeDefault.xctoolchain/usr/bin/c++  -isysroot /Applications/Xcode.app/Contents/Developer/Platforms/MacOSX.platform/Developer/SDKs/MacOSX11.1.sdk -Wl,-search_paths_first -Wl,-headerpad_max_install_names CMakeFiles/cmTC_1b142.dir/src.cxx.o -o cmTC_1b142 
Undefined symbols for architecture x86_64:
  "_iconv", referenced from:
      _main in src.cxx.o
  "_iconv_close", referenced from:
      _main in src.cxx.o
  "_iconv_open", referenced from:
      _main in src.cxx.o
ld: symbol(s) not found for architecture x86_64
clang: error: linker command failed with exit code 1 (use -v to see invocation)
make[1]: *** [cmTC_1b142] Error 1
make: *** [cmTC_1b142/fast] Error 2


Source file was:

      #include <stddef.h>
      #include <iconv.h>
      int main() {
        char *a, *b;
        size_t i, j;
        iconv_t ic;
        ic = iconv_open("to", "from");
        iconv(ic, &a, &i, &b, &j);
        iconv_close(ic);
      }
      
